app/build/outputs/logs/manifest-merger-debug-report.txt
-- Merging decision tree log ---
provider#androidx.core.content.FileProvider
INJECTED from src\main\AndroidManifest.xml:67:9-75:20
	android:grantUriPermissions
		ADDED from src\main\AndroidManifest.xml:71:13-47
	android:authorities
		INJECTED from src\main\AndroidManifest.xml
		ADDED from src\main\AndroidManifest.xml:69:13-60
	android:exported
		ADDED from src\main\AndroidManifest.xml:70:13-37
	android:name
		ADDED from src\main\AndroidManifest.xml:68:13-62
data
INJECTED from src\main\AndroidManifest.xml:137:17-69
	android:scheme
		INJECTED from src\main\AndroidManifest.xml
		ADDED from src\main\AndroidManifest.xml:137:23-66
manifest
ADDED from src\main\AndroidManifest.xml:1:1-170:12
INJECTED from src\main\AndroidManifest.xml:1:1-170:12
INJECTED from src\main\AndroidManifest.xml:1:1-170:12
INJECTED from src\main\AndroidManifest.xml:1:1-170:12
MERGED from [androidx.multidex:multidex:2.0.1] AndroidManifest.xml:17:1-22:12
MERGED from [com.braintreepayments.api:drop-in:3.7.1] AndroidManifest.xml:2:1-32:12
MERGED from [com.braintreepayments:card-form:3.5.1] AndroidManifest.xml:2:1-11:12
MERGED from [com.payumoney.sdkui:plug-n-play:1.6.0] AndroidManifest.xml:2:1-31:12
MERGED from [com.payumoney.core:payumoney-sdk:7.6.0] AndroidManifest.xml:2:1-43:12
MERGED from [com.google.android.material:material:1.0.0] AndroidManifest.xml:17:1-24:12
MERGED from [androidx.legacy:legacy-preference-v14:1.0.0] AndroidManifest.xml:17:1-22:12
MERGED from [androidx.preference:preference:1.0.0] AndroidManifest.xml:17:1-22:12
MERGED from [com.crystal:crystalrangeseekbar:1.1.1] AndroidManifest.xml:2:1-17:12
MERGED from [com.github.paolorotolo:appintro:4.1.0] AndroidManifest.xml:2:1-14:12
MERGED from [ai.devsupport.instamojo:instamojolib:0.1.6] AndroidManifest.xml:2:1-18:12
MERGED from [com.google.android.libraries.places:places:1.1.0] AndroidManifest.xml:2:1-26:12
MERGED from [com.kofigyan.stateprogressbar:stateprogressbar:1.0.0] AndroidManifest.xml:2:1-14:12
MERGED from [com.instamojo:android-sdk:1.2.6] AndroidManifest.xml:2:1-36:12
MERGED from [com.facebook.android:facebook-android-sdk:4.42.0] AndroidManifest.xml:21:1-31:12
MERGED from [com.facebook.android:facebook-login:4.42.0] AndroidManifest.xml:21:1-31:12
MERGED from [com.facebook.android:facebook-share:4.42.0] AndroidManifest.xml:21:1-31:12
MERGED from [com.facebook.android:facebook-common:4.42.0] AndroidManifest.xml:21:1-37:12
MERGED from [com.rengwuxian.materialedittext:library:2.1.4] AndroidManifest.xml:2:1-10:12
MERGED from [in.juspay:godel:0.6.18.1423] AndroidManifest.xml:2:1-15:12
MERGED from [com.payu.custombrowser:payu-custom-browser:7.5.1] AndroidManifest.xml:2:1-46:12
MERGED from [com.payu.upisdk:upisdk:1.0.2] AndroidManifest.xml:2:1-20:12
MERGED from [in.juspay:godel-osd:0.6.14] AndroidManifest.xml:2:1-11:12
MERGED from [com.payu.networking:payu-core-networking:1.1.0] AndroidManifest.xml:2:1-13:12
MERGED from [com.payu.payuanalytics:payuanalytics:1.1.1] AndroidManifest.xml:2:1-11:12
MERGED from [androidx.appcompat:appcompat:1.0.2] AndroidManifest.xml:17:1-22:12
MERGED from [com.onesignal:OneSignal:3.11.0] AndroidManifest.xml:2:1-106:12
MERGED from [androidx.cardview:cardview:1.0.0] AndroidManifest.xml:17:1-22:12
MERGED from [com.h6ah4i.android.widget.advrecyclerview:advrecyclerview:1.0.0] AndroidManifest.xml:17:1-26:12
MERGED from [androidx.recyclerview:recyclerview:1.0.0] AndroidManifest.xml:17:1-22:12
MERGED from [com.payumoney.graphics:asset-download-sdk:0.5.0] AndroidManifest.xml:2:1-19:12
MERGED from [androidx.legacy:legacy-support-v4:1.0.0] AndroidManifest.xml:17:1-22:12
MERGED from [com.github.bumptech.glide:glide:4.8.0] AndroidManifest.xml:2:1-12:12
MERGED from [com.android.volley:volley:1.1.1] AndroidManifest.xml:2:1-11:12
MERGED from [com.paypal.sdk:paypal-android-sdk:2.16.0] AndroidManifest.xml:2:1-28:12
MERGED from [com.daimajia.slider:library:1.1.5] AndroidManifest.xml:2:1-14:12
MERGED from [com.stripe:stripe-android:2.0.2] AndroidManifest.xml:2:1-11:12
MERGED from [com.braintreepayments.api:braintree:2.22.0] AndroidManifest.xml:2:1-26:12
MERGED from [com.google.firebase:firebase-ads:18.1.0] AndroidManifest.xml:2:1-9:12
MERGED from [com.google.firebase:firebase-auth:18.1.0] AndroidManifest.xml:17:1-42:12
MERGED from [com.google.firebase:firebase-messaging:19.0.1] AndroidManifest.xml:17:1-37:12
MERGED from [com.google.firebase:firebase-core:17.0.1] AndroidManifest.xml:2:1-9:12
MERGED from [com.google.android.gms:play-services-auth:17.0.0] AndroidManifest.xml:17:1-39:12
MERGED from [com.google.android.gms:play-services-places:17.0.0] AndroidManifest.xml:17:1-24:12
MERGED from [com.google.android.gms:play-services-maps:17.0.0] AndroidManifest.xml:17:1-38:12
MERGED from [com.google.android.gms:play-services-location:17.0.0] AndroidManifest.xml:2:1-9:12
MERGED from [hyogeun.github.com.colorratingbar:ColorRatingBar:1.0.1] AndroidManifest.xml:2:1-17:12
MERGED from [com.razorpay:checkout:1.5.5] AndroidManifest.xml:2:1-32:12
MERGED from [am.appwise.components:NoInternetDialog:1.1.3] AndroidManifest.xml:2:1-22:12
MERGED from [com.google.firebase:firebase-auth-interop:18.0.0] AndroidManifest.xml:2:1-10:12
MERGED from [com.google.android.gms:play-services-auth-api-phone:17.0.0] AndroidManifest.xml:2:1-7:12
MERGED from [com.google.android.gms:play-services-auth-base:17.0.0] AndroidManifest.xml:2:1-7:12
MERGED from [com.google.android.gms:play-services-clearcut:16.0.0] AndroidManifest.xml:17:1-24:12
MERGED from [com.google.firebase:firebase-analytics:17.0.0] AndroidManifest.xml:2:1-9:12
MERGED from [com.google.android.gms:play-services-measurement-api:17.0.0] AndroidManifest.xml:17:1-36:12
MERGED from [com.google.firebase:firebase-iid:19.0.1] AndroidManifest.xml:17:1-47:12
MERGED from [com.google.firebase:firebase-iid-interop:17.0.0] AndroidManifest.xml:2:1-10:12
MERGED from [com.google.android.gms:play-services-phenotype:16.0.0] AndroidManifest.xml:17:1-24:12
MERGED from [com.google.android.gms:play-services-base:17.0.0] AndroidManifest.xml:17:1-29:12
MERGED from [com.google.android.gms:play-services-ads:18.1.0] AndroidManifest.xml:17:1-25:12
MERGED from [com.google.firebase:firebase-common:18.0.0] AndroidManifest.xml:2:1-19:12
MERGED from [com.google.android.gms:play-services-tasks:17.0.0] AndroidManifest.xml:2:1-9:12
MERGED from [com.google.firebase:firebase-measurement-connector:18.0.0] AndroidManifest.xml:17:1-25:12
MERGED from [com.google.android.gms:play-services-places-placereport:17.0.0] AndroidManifest.xml:17:1-24:12
MERGED from [com.google.android.gms:play-services-ads-lite:18.1.0] AndroidManifest.xml:17:1-42:12
MERGED from [com.google.android.gms:play-services-measurement:17.0.0] AndroidManifest.xml:17:1-55:12
MERGED from [com.google.android.gms:play-services-measurement-sdk:17.0.0] AndroidManifest.xml:17:1-25:12
MERGED from [com.google.android.gms:play-services-measurement-impl:17.0.0] AndroidManifest.xml:17:1-40:12
MERGED from [com.google.android.gms:play-services-ads-identifier:17.0.0] AndroidManifest.xml:17:1-24:12
MERGED from [com.google.android.gms:play-services-gass:18.1.0] AndroidManifest.xml:2:1-9:12
MERGED from [com.google.android.gms:play-services-stats:17.0.0] AndroidManifest.xml:2:1-9:12
MERGED from [com.google.android.gms:play-services-measurement-sdk-api:17.0.0] AndroidManifest.xml:17:1-40:12
MERGED from [com.google.android.gms:play-services-measurement-base:17.0.0] AndroidManifest.xml:2:1-9:12
MERGED from [com.google.android.gms:play-services-basement:17.0.0] AndroidManifest.xml:17:1-28:12
MERGED from [androidx.fragment:fragment:1.0.0] AndroidManifest.xml:17:1-22:12
MERGED from [androidx.vectordrawable:vectordrawable-animated:1.0.0] AndroidManifest.xml:17:1-22:12
MERGED from [androidx.browser:browser:1.0.0] AndroidManifest.xml:17:1-22:12
MERGED from [androidx.legacy:legacy-support-core-ui:1.0.0] AndroidManifest.xml:17:1-22:12
MERGED from [com.facebook.android:facebook-places:4.42.0] AndroidManifest.xml:21:1-31:12
MERGED from [com.facebook.android:facebook-applinks:4.42.0] AndroidManifest.xml:21:1-31:12
MERGED from [com.facebook.android:facebook-messenger:4.42.0] AndroidManifest.xml:21:1-31:12
MERGED from [com.facebook.android:facebook-core:4.42.0] AndroidManifest.xml:21:1-53:12
MERGED from [androidx.legacy:legacy-support-core-utils:1.0.0] AndroidManifest.xml:17:1-22:12
MERGED from [androidx.vectordrawable:vectordrawable:1.0.1] AndroidManifest.xml:17:1-22:12
MERGED from [androidx.transition:transition:1.0.0] AndroidManifest.xml:17:1-22:12
MERGED from [androidx.media:media:1.0.0] AndroidManifest.xml:17:1-22:12
MERGED from [androidx.loader:loader:1.0.0] AndroidManifest.xml:17:1-22:12
MERGED from [androidx.viewpager:viewpager:1.0.0] AndroidManifest.xml:17:1-22:12
MERGED from [androidx.coordinatorlayout:coordinatorlayout:1.0.0] AndroidManifest.xml:17:1-22:12
MERGED from [androidx.drawerlayout:drawerlayout:1.0.0] AndroidManifest.xml:17:1-22:12
MERGED from [androidx.slidingpanelayout:slidingpanelayout:1.0.0] AndroidManifest.xml:17:1-22:12
MERGED from [androidx.customview:customview:1.0.0] AndroidManifest.xml:17:1-22:12
MERGED from [androidx.swiperefreshlayout:swiperefreshlayout:1.0.0] AndroidManifest.xml:17:1-22:12
MERGED from [androidx.asynclayoutinflater:asynclayoutinflater:1.0.0] AndroidManifest.xml:17:1-22:12
MERGED from [androidx.core:core:1.0.1] AndroidManifest.xml:17:1-24:12
MERGED from [androidx.versionedparcelable:versionedparcelable:1.0.0] AndroidManifest.xml:17:1-25:12
MERGED from [androidx.cursoradapter:cursoradapter:1.0.0] AndroidManifest.xml:17:1-22:12
MERGED from [com.github.bumptech.glide:gifdecoder:4.8.0] AndroidManifest.xml:2:1-11:12
MERGED from [androidx.localbroadcastmanager:localbroadcastmanager:1.0.0] AndroidManifest.xml:17:1-22:12
MERGED from [androidx.lifecycle:lifecycle-runtime:2.0.0] AndroidManifest.xml:17:1-22:12
MERGED from [androidx.documentfile:documentfile:1.0.0] AndroidManifest.xml:17:1-22:12
MERGED from [androidx.print:print:1.0.0] AndroidManifest.xml:17:1-22:12
MERGED from [androidx.lifecycle:lifecycle-viewmodel:2.0.0] AndroidManifest.xml:17:1-22:12
MERGED from [androidx.interpolator:interpolator:1.0.0] AndroidManifest.xml:17:1-22:12
MERGED from [androidx.lifecycle:lifecycle-livedata:2.0.0] AndroidManifest.xml:17:1-22:12
MERGED from [androidx.lifecycle:lifecycle-livedata-core:2.0.0] AndroidManifest.xml:17:1-22:12
MERGED from [androidx.arch.core:core-runtime:2.0.0] AndroidManifest.xml:17:1-22:12
MERGED from [com.braintreepayments.api:google-payment:1.0.0] AndroidManifest.xml:2:1-11:12
MERGED from [com.braintreepayments.api:visa-checkout:1.0.0] AndroidManifest.xml:2:1-12:12
MERGED from [com.paypal.android.sdk:paypal-one-touch:2.22.0] AndroidManifest.xml:2:1-13:12
MERGED from [com.braintreepayments.api:core:2.22.0] AndroidManifest.xml:2:1-11:12
MERGED from [io.card:android-sdk:5.5.1] AndroidManifest.xml:2:1-26:12
MERGED from [androidx.constraintlayout:constraintlayout:1.1.3] AndroidManifest.xml:2:1-11:12
MERGED from [com.github.aakira:expandable-layout:1.6.0] AndroidManifest.xml:2:1-14:12
MERGED from [com.braintreepayments:browser-switch:0.1.6] AndroidManifest.xml:2:1-11:12
MERGED from [com.paypal.android.sdk:data-collector:2.22.0] AndroidManifest.xml:2:1-13:12
MERGED from [com.google.android.gms:play-services-ads-base:18.1.0] AndroidManifest.xml:2:1-9:12
INJECTED from src\main\AndroidManifest.xml:1:1-170:12
INJECTED from src\main\AndroidManifest.xml:1:1-170:12
INJECTED from src\main\AndroidManifest.xml:1:1-170:12
	package
		ADDED from src\main\AndroidManifest.xml:3:5-44
		INJECTED from src\main\AndroidManifest.xml
		INJECTED from src\main\AndroidManifest.xml
	android:versionName
		INJECTED from src\main\AndroidManifest.xml
		ADDED from src\main\AndroidManifest.xml:1:1-170:12
		INJECTED from src\main\AndroidManifest.xml
	xmlns:tools
		ADDED from src\main\AndroidManifest.xml:2:5-51
	android:versionCode
		INJECTED from src\main\AndroidManifest.xml
		ADDED from src\main\AndroidManifest.xml:1:1-170:12
		INJECTED from src\main\AndroidManifest.xml
	xmlns:android
		ADDED from src\main\AndroidManifest.xml:1:11-69
uses-permission#android.permission.CAMERA
ADDED from src\main\AndroidManifest.xml:6:5-65
MERGED from [io.card:android-sdk:5.5.1] AndroidManifest.xml:9:5-65
MERGED from [io.card:android-sdk:5.5.1] AndroidManifest.xml:9:5-65
	android:name
		ADDED from src\main\AndroidManifest.xml:6:22-62
uses-permission#android.permission.INTERNET
ADDED from src\main\AndroidManifest.xml:7:5-67
MERGED from [com.braintreepayments.api:drop-in:3.7.1] AndroidManifest.xml:13:5-67
MERGED from [com.braintreepayments.api:drop-in:3.7.1] AndroidManifest.xml:13:5-67
MERGED from [com.payumoney.sdkui:plug-n-play:1.6.0] AndroidManifest.xml:12:5-67
MERGED from [com.payumoney.sdkui:plug-n-play:1.6.0] AndroidManifest.xml:12:5-67
MERGED from [com.payumoney.core:payumoney-sdk:7.6.0] AndroidManifest.xml:16:5-67
MERGED from [com.payumoney.core:payumoney-sdk:7.6.0] AndroidManifest.xml:16:5-67
MERGED from [com.google.android.libraries.places:places:1.1.0] AndroidManifest.xml:11:5-67
MERGED from [com.google.android.libraries.places:places:1.1.0] AndroidManifest.xml:11:5-67
MERGED from [com.onesignal:OneSignal:3.11.0] AndroidManifest.xml:16:5-67
MERGED from [com.onesignal:OneSignal:3.11.0] AndroidManifest.xml:16:5-67
MERGED from [com.payumoney.graphics:asset-download-sdk:0.5.0] AndroidManifest.xml:11:5-67
MERGED from [com.payumoney.graphics:asset-download-sdk:0.5.0] AndroidManifest.xml:11:5-67
MERGED from [com.paypal.sdk:paypal-android-sdk:2.16.0] AndroidManifest.xml:10:5-67
MERGED from [com.paypal.sdk:paypal-android-sdk:2.16.0] AndroidManifest.xml:10:5-67
MERGED from [com.daimajia.slider:library:1.1.5] AndroidManifest.xml:11:5-67
MERGED from [com.daimajia.slider:library:1.1.5] AndroidManifest.xml:11:5-67
MERGED from [com.braintreepayments.api:braintree:2.22.0] AndroidManifest.xml:12:5-67
MERGED from [com.braintreepayments.api:braintree:2.22.0] AndroidManifest.xml:12:5-67
MERGED from [com.google.android.gms:play-services-maps:17.0.0] AndroidManifest.xml:24:5-67
MERGED from [com.google.android.gms:play-services-maps:17.0.0] AndroidManifest.xml:24:5-67
MERGED from [com.razorpay:checkout:1.5.5] AndroidManifest.xml:9:5-67
MERGED from [com.razorpay:checkout:1.5.5] AndroidManifest.xml:9:5-67
MERGED from [am.appwise.components:NoInternetDialog:1.1.3] AndroidManifest.xml:11:5-67
MERGED from [am.appwise.components:NoInternetDialog:1.1.3] AndroidManifest.xml:11:5-67
MERGED from [com.google.android.gms:play-services-measurement-api:17.0.0] AndroidManifest.xml:22:5-67
MERGED from [com.google.android.gms:play-services-measurement-api:17.0.0] AndroidManifest.xml:22:5-67
MERGED from [com.google.firebase:firebase-iid:19.0.1] AndroidManifest.xml:23:5-67
MERGED from [com.google.firebase:firebase-iid:19.0.1] AndroidManifest.xml:23:5-67
MERGED from [com.google.android.gms:play-services-ads-lite:18.1.0] AndroidManifest.xml:23:5-67
MERGED from [com.google.android.gms:play-services-ads-lite:18.1.0] AndroidManifest.xml:23:5-67
MERGED from [com.google.android.gms:play-services-measurement:17.0.0] AndroidManifest.xml:23:5-67
MERGED from [com.google.android.gms:play-services-measurement:17.0.0] AndroidManifest.xml:23:5-67
MERGED from [com.google.android.gms:play-services-measurement-impl:17.0.0] AndroidManifest.xml:23:5-67
MERGED from [com.google.android.gms:play-services-measurement-impl:17.0.0] AndroidManifest.xml:23:5-67
MERGED from [com.google.android.gms:play-services-measurement-sdk-api:17.0.0] AndroidManifest.xml:23:5-67
MERGED from [com.google.android.gms:play-services-measurement-sdk-api:17.0.0] AndroidManifest.xml:23:5-67
MERGED from [com.paypal.android.sdk:paypal-one-touch:2.22.0] AndroidManifest.xml:11:5-67
MERGED from [com.paypal.android.sdk:paypal-one-touch:2.22.0] AndroidManifest.xml:11:5-67
MERGED from [com.paypal.android.sdk:data-collector:2.22.0] AndroidManifest.xml:11:5-67
MERGED from [com.paypal.android.sdk:data-collector:2.22.0] AndroidManifest.xml:11:5-67
	android:name
		ADDED from src\main\AndroidManifest.xml:7:22-64
uses-permission#android.permission.ACCESS_WIFI_STATE
ADDED from src\main\AndroidManifest.xml:8:5-76
MERGED from [com.payumoney.core:payumoney-sdk:7.6.0] AndroidManifest.xml:13:5-76
MERGED from [com.payumoney.core:payumoney-sdk:7.6.0] AndroidManifest.xml:13:5-76
MERGED from [com.google.android.libraries.places:places:1.1.0] AndroidManifest.xml:10:5-76
MERGED from [com.google.android.libraries.places:places:1.1.0] AndroidManifest.xml:10:5-76
MERGED from [in.juspay:godel:0.6.18.1423] AndroidManifest.xml:10:5-76
MERGED from [in.juspay:godel:0.6.18.1423] AndroidManifest.xml:10:5-76
MERGED from [am.appwise.components:NoInternetDialog:1.1.3] AndroidManifest.xml:13:5-76
MERGED from [am.appwise.components:NoInternetDialog:1.1.3] AndroidManifest.xml:13:5-76
	android:name
		ADDED from src\main\AndroidManifest.xml:8:22-73
uses-permission#android.permission.ACCESS_NETWORK_STATE
ADDED from src\main\AndroidManifest.xml:9:5-79
MERGED from [com.braintreepayments.api:drop-in:3.7.1] AndroidManifest.xml:12:5-79
MERGED from [com.braintreepayments.api:drop-in:3.7.1] AndroidManifest.xml:12:5-79
MERGED from [com.payumoney.sdkui:plug-n-play:1.6.0] AndroidManifest.xml:14:5-79
MERGED from [com.payumoney.sdkui:plug-n-play:1.6.0] AndroidManifest.xml:14:5-79
MERGED from [com.payumoney.core:payumoney-sdk:7.6.0] AndroidManifest.xml:12:5-79
MERGED from [com.payumoney.core:payumoney-sdk:7.6.0] AndroidManifest.xml:12:5-79
MERGED from [com.payu.custombrowser:payu-custom-browser:7.5.1] AndroidManifest.xml:11:5-79
MERGED from [com.payu.custombrowser:payu-custom-browser:7.5.1] AndroidManifest.xml:11:5-79
MERGED from [com.payu.upisdk:upisdk:1.0.2] AndroidManifest.xml:11:5-79
MERGED from [com.payu.upisdk:upisdk:1.0.2] AndroidManifest.xml:11:5-79
MERGED from [com.payu.networking:payu-core-networking:1.1.0] AndroidManifest.xml:11:5-79
MERGED from [com.payu.networking:payu-core-networking:1.1.0] AndroidManifest.xml:11:5-79
MERGED from [com.onesignal:OneSignal:3.11.0] AndroidManifest.xml:24:5-79
MERGED from [com.onesignal:OneSignal:3.11.0] AndroidManifest.xml:24:5-79
MERGED from [com.paypal.sdk:paypal-android-sdk:2.16.0] AndroidManifest.xml:9:5-79
MERGED from [com.paypal.sdk:paypal-android-sdk:2.16.0] AndroidManifest.xml:9:5-79
MERGED from [com.braintreepayments.api:braintree:2.22.0] AndroidManifest.xml:11:5-79
MERGED from [com.braintreepayments.api:braintree:2.22.0] AndroidManifest.xml:11:5-79
MERGED from [com.google.android.gms:play-services-maps:17.0.0] AndroidManifest.xml:23:5-79
MERGED from [com.google.android.gms:play-services-maps:17.0.0] AndroidManifest.xml:23:5-79
MERGED from [am.appwise.components:NoInternetDialog:1.1.3] AndroidManifest.xml:12:5-79
MERGED from [am.appwise.components:NoInternetDialog:1.1.3] AndroidManifest.xml:12:5-79
MERGED from [com.google.android.gms:play-services-measurement-api:17.0.0] AndroidManifest.xml:23:5-79
MERGED from [com.google.android.gms:play-services-measurement-api:17.0.0] AndroidManifest.xml:23:5-79
MERGED from [com.google.firebase:firebase-iid:19.0.1] AndroidManifest.xml:22:5-79
MERGED from [com.google.firebase:firebase-iid:19.0.1] AndroidManifest.xml:22:5-79
MERGED from [com.google.android.gms:play-services-ads-lite:18.1.0] AndroidManifest.xml:24:5-79
MERGED from [com.google.android.gms:play-services-ads-lite:18.1.0] AndroidManifest.xml:24:5-79
MERGED from [com.google.android.gms:play-services-measurement:17.0.0] AndroidManifest.xml:24:5-79
MERGED from [com.google.android.gms:play-services-measurement:17.0.0] AndroidManifest.xml:24:5-79
MERGED from [com.google.android.gms:play-services-measurement-impl:17.0.0] AndroidManifest.xml:24:5-79
MERGED from [com.google.android.gms:play-services-measurement-impl:17.0.0] AndroidManifest.xml:24:5-79
MERGED from [com.google.android.gms:play-services-measurement-sdk-api:17.0.0] AndroidManifest.xml:24:5-79
MERGED from [com.google.android.gms:play-services-measurement-sdk-api:17.0.0] AndroidManifest.xml:24:5-79
	android:name
		ADDED from src\main\AndroidManifest.xml:9:22-76
uses-permission#android.permission.READ_EXTERNAL_STORAGE
ADDED from src\main\AndroidManifest.xml:10:5-80
	android:name
		ADDED from src\main\AndroidManifest.xml:10:22-77
uses-permission#android.permission.WRITE_EXTERNAL_STORAGE
ADDED from src\main\AndroidManifest.xml:11:5-81
MERGED from [com.daimajia.slider:library:1.1.5] AndroidManifest.xml:12:5-81
MERGED from [com.daimajia.slider:library:1.1.5] AndroidManifest.xml:12:5-81
	android:name
		ADDED from src\main\AndroidManifest.xml:11:22-78
uses-permission#android.permission.READ_PHONE_STATE
ADDED from src\main\AndroidManifest.xml:12:5-75
	android:name
		ADDED from src\main\AndroidManifest.xml:12:22-72
uses-permission#android.permission.SYSTEM_ALERT_WINDOW
ADDED from src\main\AndroidManifest.xml:13:5-78
	android:name
		ADDED from src\main\AndroidManifest.xml:13:22-75
uses-permission#android.permission.ACCESS_FINE_LOCATION
ADDED from src\main\AndroidManifest.xml:14:5-79
MERGED from [com.google.android.libraries.places:places:1.1.0] AndroidManifest.xml:9:5-79
MERGED from [com.google.android.libraries.places:places:1.1.0] AndroidManifest.xml:9:5-79
	android:name
		ADDED from src\main\AndroidManifest.xml:14:22-76
uses-permission#android.permission.ACCESS_COARSE_LOCATION
ADDED from src\main\AndroidManifest.xml:15:5-81
MERGED from [in.juspay:godel:0.6.18.1423] AndroidManifest.xml:9:5-81
MERGED from [in.juspay:godel:0.6.18.1423] AndroidManifest.xml:9:5-81
	android:name
		ADDED from src\main\AndroidManifest.xml:15:22-78
uses-feature#android.hardware.location.gps
ADDED from src\main\AndroidManifest.xml:17:5-66
	android:name
		ADDED from src\main\AndroidManifest.xml:17:19-63
uses-permission#android.permission.RECEIVE_BOOT_COMPLETED
ADDED from src\main\AndroidManifest.xml:18:5-81
MERGED from [com.onesignal:OneSignal:3.11.0] AndroidManifest.xml:29:5-81
MERGED from [com.onesignal:OneSignal:3.11.0] AndroidManifest.xml:29:5-81
	android:name
		ADDED from src\main\AndroidManifest.xml:18:22-78
uses-permission#android.permission.WRITE_SETTINGS
ADDED from src\main\AndroidManifest.xml:19:5-20:47
	tools:ignore
		ADDED from src\main\AndroidManifest.xml:20:9-44
	android:name
		ADDED from src\main\AndroidManifest.xml:19:22-70
uses-sdk
ADDED from src\main\AndroidManifest.xml:22:5-23:107
INJECTED from src\main\AndroidManifest.xml:22:5-23:107
INJECTED from src\main\AndroidManifest.xml:22:5-23:107
MERGED from [androidx.multidex:multidex:2.0.1] AndroidManifest.xml:20:5-43
MERGED from [androidx.multidex:multidex:2.0.1] AndroidManifest.xml:20:5-43
MERGED from [com.braintreepayments.api:drop-in:3.7.1] AndroidManifest.xml:8:5-10:41
MERGED from [com.braintreepayments.api:drop-in:3.7.1] AndroidManifest.xml:8:5-10:41
MERGED from [com.braintreepayments:card-form:3.5.1] AndroidManifest.xml:7:5-9:41
MERGED from [com.braintreepayments:card-form:3.5.1] AndroidManifest.xml:7:5-9:41
MERGED from [com.payumoney.sdkui:plug-n-play:1.6.0] AndroidManifest.xml:8:5-10:41
MERGED from [com.payumoney.sdkui:plug-n-play:1.6.0] AndroidManifest.xml:8:5-10:41
MERGED from [com.payumoney.core:payumoney-sdk:7.6.0] AndroidManifest.xml:8:5-10:41
MERGED from [com.payumoney.core:payumoney-sdk:7.6.0] AndroidManifest.xml:8:5-10:41
MERGED from [com.google.android.material:material:1.0.0] AndroidManifest.xml:20:5-44
MERGED from [com.google.android.material:material:1.0.0] AndroidManifest.xml:20:5-44
MERGED from [androidx.legacy:legacy-preference-v14:1.0.0] AndroidManifest.xml:20:5-44
MERGED from [androidx.legacy:legacy-preference-v14:1.0.0] AndroidManifest.xml:20:5-44
MERGED from [androidx.preference:preference:1.0.0] AndroidManifest.xml:20:5-44
MERGED from [androidx.preference:preference:1.0.0] AndroidManifest.xml:20:5-44
MERGED from [com.crystal:crystalrangeseekbar:1.1.1] AndroidManifest.xml:7:5-9:41
MERGED from [com.crystal:crystalrangeseekbar:1.1.1] AndroidManifest.xml:7:5-9:41
MERGED from [com.github.paolorotolo:appintro:4.1.0] AndroidManifest.xml:8:5-10:41
MERGED from [com.github.paolorotolo:appintro:4.1.0] AndroidManifest.xml:8:5-10:41
MERGED from [ai.devsupport.instamojo:instamojolib:0.1.6] AndroidManifest.xml:7:5-9:41
MERGED from [ai.devsupport.instamojo:instamojolib:0.1.6] AndroidManifest.xml:7:5-9:41
MERGED from [com.google.android.libraries.places:places:1.1.0] AndroidManifest.xml:7:5-44
MERGED from [com.google.android.libraries.places:places:1.1.0] AndroidManifest.xml:7:5-44
MERGED from [com.kofigyan.stateprogressbar:stateprogressbar:1.0.0] AndroidManifest.xml:7:5-9:41
MERGED from [com.kofigyan.stateprogressbar:stateprogressbar:1.0.0] AndroidManifest.xml:7:5-9:41
MERGED from [com.instamojo:android-sdk:1.2.6] AndroidManifest.xml:7:5-9:41
MERGED from [com.instamojo:android-sdk:1.2.6] AndroidManifest.xml:7:5-9:41
MERGED from [com.facebook.android:facebook-android-sdk:4.42.0] AndroidManifest.xml:24:5-26:41
MERGED from [com.facebook.android:facebook-android-sdk:4.42.0] AndroidManifest.xml:24:5-26:41
MERGED from [com.facebook.android:facebook-login:4.42.0] AndroidManifest.xml:24:5-26:41
MERGED from [com.facebook.android:facebook-login:4.42.0] AndroidManifest.xml:24:5-26:41
MERGED from [com.facebook.android:facebook-share:4.42.0] AndroidManifest.xml:24:5-26:41
MERGED from [com.facebook.android:facebook-share:4.42.0] AndroidManifest.xml:24:5-26:41
MERGED from [com.facebook.android:facebook-common:4.42.0] AndroidManifest.xml:24:5-26:41
MERGED from [com.facebook.android:facebook-common:4.42.0] AndroidManifest.xml:24:5-26:41
MERGED from [com.rengwuxian.materialedittext:library:2.1.4] AndroidManifest.xml:6:5-8:41
MERGED from [com.rengwuxian.materialedittext:library:2.1.4] AndroidManifest.xml:6:5-8:41
MERGED from [in.juspay:godel:0.6.18.1423] AndroidManifest.xml:5:5-7:41
MERGED from [in.juspay:godel:0.6.18.1423] AndroidManifest.xml:5:5-7:41
MERGED from [com.payu.custombrowser:payu-custom-browser:7.5.1] AndroidManifest.xml:7:5-9:41
MERGED from [com.payu.custombrowser:payu-custom-browser:7.5.1] AndroidManifest.xml:7:5-9:41
MERGED from [com.payu.upisdk:upisdk:1.0.2] AndroidManifest.xml:7:5-9:41
MERGED from [com.payu.upisdk:upisdk:1.0.2] AndroidManifest.xml:7:5-9:41
MERGED from [in.juspay:godel-osd:0.6.14] AndroidManifest.xml:5:5-7:41
MERGED from [in.juspay:godel-osd:0.6.14] AndroidManifest.xml:5:5-7:41
MERGED from [com.payu.networking:payu-core-networking:1.1.0] AndroidManifest.xml:7:5-9:41
MERGED from [com.payu.networking:payu-core-networking:1.1.0] AndroidManifest.xml:7:5-9:41
MERGED from [com.payu.payuanalytics:payuanalytics:1.1.1] AndroidManifest.xml:7:5-9:41
MERGED from [com.payu.payuanalytics:payuanalytics:1.1.1] AndroidManifest.xml:7:5-9:41
MERGED from [androidx.appcompat:appcompat:1.0.2] AndroidManifest.xml:20:5-44
MERGED from [androidx.appcompat:appcompat:1.0.2] AndroidManifest.xml:20:5-44
MERGED from [com.onesignal:OneSignal:3.11.0] AndroidManifest.xml:4:5-44
MERGED from [com.onesignal:OneSignal:3.11.0] AndroidManifest.xml:4:5-44
MERGED from [androidx.cardview:cardview:1.0.0] AndroidManifest.xml:20:5-44
MERGED from [androidx.cardview:cardview:1.0.0] AndroidManifest.xml:20:5-44
MERGED from [com.h6ah4i.android.widget.advrecyclerview:advrecyclerview:1.0.0] AndroidManifest.xml:22:5-24:41
MERGED from [com.h6ah4i.android.widget.advrecyclerview:advrecyclerview:1.0.0] AndroidManifest.xml:22:5-24:41
MERGED from [androidx.recyclerview:recyclerview:1.0.0] AndroidManifest.xml:20:5-44
MERGED from [androidx.recyclerview:recyclerview:1.0.0] AndroidManifest.xml:20:5-44
MERGED from [com.payumoney.graphics:asset-download-sdk:0.5.0] AndroidManifest.xml:7:5-9:41
MERGED from [com.payumoney.graphics:asset-download-sdk:0.5.0] AndroidManifest.xml:7:5-9:41
MERGED from [androidx.legacy:legacy-support-v4:1.0.0] AndroidManifest.xml:20:5-44
MERGED from [androidx.legacy:legacy-support-v4:1.0.0] AndroidManifest.xml:20:5-44
MERGED from [com.github.bumptech.glide:glide:4.8.0] AndroidManifest.xml:6:5-8:41
MERGED from [com.github.bumptech.glide:glide:4.8.0] AndroidManifest.xml:6:5-8:41
MERGED from [com.android.volley:volley:1.1.1] AndroidManifest.xml:7:5-43
MERGED from [com.android.volley:volley:1.1.1] AndroidManifest.xml:7:5-43
MERGED from [com.paypal.sdk:paypal-android-sdk:2.16.0] AndroidManifest.xml:5:5-7:41
MERGED from [com.paypal.sdk:paypal-android-sdk:2.16.0] AndroidManifest.xml:5:5-7:41
MERGED from [com.daimajia.slider:library:1.1.5] AndroidManifest.xml:7:5-9:41
MERGED from [com.daimajia.slider:library:1.1.5] AndroidManifest.xml:7:5-9:41
MERGED from [com.stripe:stripe-android:2.0.2] AndroidManifest.xml:7:5-9:41
MERGED from [com.stripe:stripe-android:2.0.2] AndroidManifest.xml:7:5-9:41
MERGED from [com.braintreepayments.api:braintree:2.22.0] AndroidManifest.xml:7:5-9:41
MERGED from [com.braintreepayments.api:braintree:2.22.0] AndroidManifest.xml:7:5-9:41
MERGED from [com.google.firebase:firebase-ads:18.1.0] AndroidManifest.xml:5:5-44
MERGED from [com.google.firebase:firebase-ads:18.1.0] AndroidManifest.xml:5:5-44
MERGED from [com.google.firebase:firebase-auth:18.1.0] AndroidManifest.xml:21:5-44
MERGED from [com.google.firebase:firebase-auth:18.1.0] AndroidManifest.xml:21:5-44
MERGED from [com.google.firebase:firebase-messaging:19.0.1] AndroidManifest.xml:20:5-44
MERGED from [com.google.firebase:firebase-messaging:19.0.1] AndroidManifest.xml:20:5-44
MERGED from [com.google.firebase:firebase-core:17.0.1] AndroidManifest.xml:5:5-44
MERGED from [com.google.firebase:firebase-core:17.0.1] AndroidManifest.xml:5:5-44
MERGED from [com.google.android.gms:play-services-auth:17.0.0] AndroidManifest.xml:20:5-44
MERGED from [com.google.android.gms:play-services-auth:17.0.0] AndroidManifest.xml:20:5-44
MERGED from [com.google.android.gms:play-services-places:17.0.0] AndroidManifest.xml:20:5-44
MERGED from [com.google.android.gms:play-services-places:17.0.0] AndroidManifest.xml:20:5-44
MERGED from [com.google.android.gms:play-services-maps:17.0.0] AndroidManifest.xml:20:5-44
MERGED from [com.google.android.gms:play-services-maps:17.0.0] AndroidManifest.xml:20:5-44
MERGED from [com.google.android.gms:play-services-location:17.0.0] AndroidManifest.xml:5:5-44